<?xml version="1.0" encoding="UTF-8"?>
<!-- Generated by org.testng.reporters.JUnitXMLReporter -->
<testsuite ignored="0" hostname="DESKTOP-8S455D7" failures="0" tests="4" name="Command line test" time="0.119" errors="0" timestamp="08 May 2021 07:33:35 GMT">
  <testcase classname="com.crm.comcast.ProductTest.CreateProductTest" name="createProductWithIDTest" time="0.019"/>
  <testcase classname="com.crm.comcast.ProductTest.CreateProductTest" name="createProductWithNAmeTest" time="0.0"/>
  <testcase classname="com.crm.comcast.ProductTest.SearchProductTest" name="searchProductWithIDTest" time="0.0"/>
  <testcase classname="com.crm.comcast.ProductTest.SearchProductTest" name="searchProductWithNAmeTest" time="0.002"/>
</testsuite> <!-- Command line test -->
