<?xml version="1.0" encoding="UTF-8"?>
<!-- Generated by org.testng.reporters.JUnitXMLReporter -->
<testsuite ignored="2" hostname="DESKTOP-8S455D7" failures="0" tests="2" name="Test" time="0.128" errors="0" timestamp="08 May 2021 07:30:01 GMT">
  <testcase classname="com.crm.comcast.ProductTest.CreateProductTest" name="createProductWithNAmeTest" time="0.021"/>
  <testcase classname="com.crm.comcast.ProductTest.SearchProductTest" name="searchProductWithNAmeTest" time="0.001"/>
  <testcase classname="com.crm.comcast.ProductTest.CreateProductTest" name="createProductWithIDTest" time="0.0">
    <ignored/>
  </testcase> <!-- createProductWithIDTest -->
  <testcase classname="com.crm.comcast.ProductTest.SearchProductTest" name="searchProductWithIDTest" time="0.0">
    <ignored/>
  </testcase> <!-- searchProductWithIDTest -->
</testsuite> <!-- Test -->
