<?xml version="1.0" encoding="UTF-8"?>
<testng-results ignored="0" total="4" passed="4" failed="0" skipped="0">
  <reporter-output>
  </reporter-output>
  <suite started-at="2021-05-08T07:33:35Z" name="Command line suite" finished-at="2021-05-08T07:33:35Z" duration-ms="119">
    <groups>
      <group name="regressionTest">
        <method signature="CreateProductTest.createProductWithIDTest()[pri:0, instance:com.crm.comcast.ProductTest.CreateProductTest@2e4b8173]" name="createProductWithIDTest" class="com.crm.comcast.ProductTest.CreateProductTest"/>
        <method signature="SearchProductTest.searchProductWithIDTest()[pri:0, instance:com.crm.comcast.ProductTest.SearchProductTest@70e8f8e]" name="searchProductWithIDTest" class="com.crm.comcast.ProductTest.SearchProductTest"/>
      </group> <!-- regressionTest -->
      <group name="smokeTest">
        <method signature="CreateProductTest.createProductWithNAmeTest()[pri:0, instance:com.crm.comcast.ProductTest.CreateProductTest@2e4b8173]" name="createProductWithNAmeTest" class="com.crm.comcast.ProductTest.CreateProductTest"/>
        <method signature="SearchProductTest.searchProductWithNAmeTest()[pri:0, instance:com.crm.comcast.ProductTest.SearchProductTest@70e8f8e]" name="searchProductWithNAmeTest" class="com.crm.comcast.ProductTest.SearchProductTest"/>
      </group> <!-- smokeTest -->
    </groups>
    <test started-at="2021-05-08T07:33:35Z" name="Command line test" finished-at="2021-05-08T07:33:35Z" duration-ms="119">
      <class name="com.crm.comcast.ProductTest.SearchProductTest">
        <test-method signature="searchProductWithNAmeTest()[pri:0, instance:com.crm.comcast.ProductTest.SearchProductTest@70e8f8e]" started-at="2021-05-08T07:33:35Z" name="searchProductWithNAmeTest" finished-at="2021-05-08T07:33:35Z" duration-ms="2" status="PASS">
          <reporter-output>
          </reporter-output>
        </test-method> <!-- searchProductWithNAmeTest -->
        <test-method signature="searchProductWithIDTest()[pri:0, instance:com.crm.comcast.ProductTest.SearchProductTest@70e8f8e]" started-at="2021-05-08T07:33:35Z" name="searchProductWithIDTest" finished-at="2021-05-08T07:33:35Z" duration-ms="0" status="PASS">
          <reporter-output>
          </reporter-output>
        </test-method> <!-- searchProductWithIDTest -->
      </class> <!-- com.crm.comcast.ProductTest.SearchProductTest -->
      <class name="com.crm.comcast.ProductTest.CreateProductTest">
        <test-method signature="createProductWithIDTest()[pri:0, instance:com.crm.comcast.ProductTest.CreateProductTest@2e4b8173]" started-at="2021-05-08T07:33:35Z" name="createProductWithIDTest" finished-at="2021-05-08T07:33:35Z" duration-ms="19" status="PASS">
          <reporter-output>
          </reporter-output>
        </test-method> <!-- createProductWithIDTest -->
        <test-method signature="createProductWithNAmeTest()[pri:0, instance:com.crm.comcast.ProductTest.CreateProductTest@2e4b8173]" started-at="2021-05-08T07:33:35Z" name="createProductWithNAmeTest" finished-at="2021-05-08T07:33:35Z" duration-ms="0" status="PASS">
          <reporter-output>
          </reporter-output>
        </test-method> <!-- createProductWithNAmeTest -->
      </class> <!-- com.crm.comcast.ProductTest.CreateProductTest -->
    </test> <!-- Command line test -->
  </suite> <!-- Command line suite -->
</testng-results>
